make all --print-data-base --no-builtin-variables --no-builtin-rules --question
make: *** No rule to make target 'all'.  Stop.

# GNU Make 4.3
# Built for x86_64-pc-linux-gnu
# Copyright (C) 1988-2020 Free Software Foundation, Inc.
# License GPLv3+: GNU GPL version 3 or later <http://gnu.org/licenses/gpl.html>
# This is free software: you are free to change and redistribute it.
# There is NO WARRANTY, to the extent permitted by law.

# Make data base, printed on Mon Aug 15 10:01:04 2022

# Variables

# environment
GDK_BACKEND = x11
# environment
LC_ALL = C
# environment
NO_AT_BRIDGE = 1
# environment
GTK_RC_FILES = /etc/gtk/gtkrc:/home/zhang/.gtkrc:/home/zhang/.config/gtkrc
# environment
KONSOLE_DBUS_SERVICE = :1.1273
# environment
VSCODE_CWD = /home/zhang
# environment
WINDOWID = 56623111
# default
MAKE_COMMAND := make
# makefile (from 'makefile', line 2)
STD = -std=c++17
# automatic
@D = $(patsubst %/,%,$(dir $@))
# environment
KONSOLE_VERSION = 220403
# environment
VSCODE_HANDLES_UNCAUGHT_ERRORS = true
# default
.VARIABLES := 
# environment
PWD = /home/zhang/source/net/new_server
# automatic
%D = $(patsubst %/,%,$(dir $%))
# environment
MAIL = /var/spool/mail/zhang
# environment
KONSOLE_DBUS_WINDOW = /Windows/1
# automatic
^D = $(patsubst %/,%,$(dir $^))
# automatic
%F = $(notdir $%)
# environment
VSCODE_CODE_CACHE_PATH = /home/zhang/.config/Code - OSS/CachedData/6d9b74a70ca9c7733b29f0456fd8195364076dda
# environment
XDG_SESSION_PATH = /org/freedesktop/DisplayManager/Session1
# environment
LANG = C
# environment
XAUTHORITY = /home/zhang/.Xauthority
# default
.LOADED := 
# default
.INCLUDE_DIRS = /usr/include /usr/local/include /usr/include
# environment
COLORFGBG = 15;0
# makefile
MAKEFLAGS = pqrR
# makefile
CURDIR := /home/zhang/source/net/new_server
# environment
APPLICATION_INSIGHTS_NO_DIAGNOSTIC_CHANNEL = true
# automatic
*D = $(patsubst %/,%,$(dir $*))
# environment
PAM_KWALLET5_LOGIN = /run/user/1000/kwallet5.socket
# environment
MFLAGS = -pqrR
# default
.SHELLFLAGS := -c
# environment
XDG_CONFIG_DIRS = /home/zhang/.config/kdedefaults:/etc/xdg
# automatic
+D = $(patsubst %/,%,$(dir $+))
# environment
XCURSOR_THEME = breeze_cursors
# environment
XDG_SESSION_DESKTOP = KDE
# makefile (from 'makefile', line 1)
MAKEFILE_LIST := makefile
# automatic
@F = $(notdir $@)
# environment
VSCODE_PID = 22161
# environment
XDG_SESSION_TYPE = x11
# automatic
?D = $(patsubst %/,%,$(dir $?))
# automatic
*F = $(notdir $*)
# environment
CHROME_DESKTOP = code-oss.desktop
# environment
DBUS_SESSION_BUS_ADDRESS = unix:path=/run/user/1000/bus
# makefile (from 'makefile', line 6)
LIB = -lpthread
# automatic
<D = $(patsubst %/,%,$(dir $<))
# environment
VSCODE_NLS_CONFIG = {"locale":"zh-cn","availableLanguages":{"*":"zh-cn"},"_languagePackId":"c7fc85ff02bac0a180b4b0ef587934ff.zh-cn","_translationsConfigFile":"/home/zhang/.config/Code - OSS/clp/c7fc85ff02bac0a180b4b0ef587934ff.zh-cn/tcf.json","_cacheRoot":"/home/zhang/.config/Code - OSS/clp/c7fc85ff02bac0a180b4b0ef587934ff.zh-cn","_resolvedLanguagePackCoreLocation":"/home/zhang/.config/Code - OSS/clp/c7fc85ff02bac0a180b4b0ef587934ff.zh-cn/6d9b74a70ca9c7733b29f0456fd8195364076dda","_corruptedFile":"/home/zhang/.config/Code - OSS/clp/c7fc85ff02bac0a180b4b0ef587934ff.zh-cn/corrupted.info","_languagePackSupport":true}
# default
MAKE_HOST := x86_64-pc-linux-gnu
# environment
SDL_IM_MODULE = fcitx
# makefile
SHELL = /bin/sh
# default
MAKECMDGOALS := all
# environment
XMODIFIERS = @im=fcitx
# environment
SHLVL = 1
# environment
PROFILEHOME = 
# environment
MAKELEVEL := 0
# default
MAKE = $(MAKE_COMMAND)
# environment
PATH = /usr/local/sbin:/usr/local/bin:/usr/bin:/usr/bin/site_perl:/usr/bin/vendor_perl:/usr/bin/core_perl
# default
MAKEFILES := 
# environment
LANGUAGE = 
# environment
MOTD_SHOWN = pam
# automatic
^F = $(notdir $^)
# environment
INVOCATION_ID = bb40bfeaef98496ca5e4c86e5938c863
# automatic
?F = $(notdir $?)
# environment
KDE_APPLICATIONS_AS_SCOPE = 1
# environment
XDG_SEAT = seat0
# environment
GTK_IM_MODULE = fcitx
# environment
XDG_CURRENT_DESKTOP = KDE
# automatic
+F = $(notdir $+)
# makefile (from 'makefile', line 5)
OTHERS_TARGET = ./base/net.o ./base/http.o
# environment
XDG_SEAT_PATH = /org/freedesktop/DisplayManager/Seat0
# environment
DESKTOP_SESSION = plasma
# environment
ORIGINAL_XDG_CURRENT_DESKTOP = KDE
# 'override' directive
GNUMAKEFLAGS := 
# environment
QT_SCREEN_SCALE_FACTORS = eDP-1=1;HDMI-1-1=1;DP-1-1=1;DP-1-2=1;
# environment
LOGNAME = zhang
# makefile (from 'makefile', line 3)
OPT = -g
# environment
XDG_VTNR = 1
# makefile
.DEFAULT_GOAL := default
# environment
SYSTEMD_EXEC_PID = 736
# environment
DISPLAY = :0
# environment
GTK_MODULES = canberra-gtk-module
# environment
USER = zhang
# default
MAKE_VERSION := 4.3
# environment
KDE_SESSION_UID = 1000
# environment
KONSOLE_DBUS_SESSION = /Sessions/1
# environment
MANAGERPID = 655
# environment
_ = /usr/bin/make
# environment
XDG_RUNTIME_DIR = /run/user/1000
# environment
COLORTERM = truecolor
# environment
JOURNAL_STREAM = 8:29202
# environment
XDG_SESSION_CLASS = user
# environment
VSCODE_AMD_ENTRYPOINT = vs/workbench/api/node/extensionHostProcess
# environment
GTK2_RC_FILES = /etc/gtk-2.0/gtkrc:/home/zhang/.gtkrc-2.0:/home/zhang/.config/gtkrc-2.0
# environment
HOME = /home/zhang
# environment
QT_IM_MODULE = fcitx
# environment
ELECTRON_RUN_AS_NODE = 1
# environment
VSCODE_IPC_HOOK = /run/user/1000/vscode-bf7958e4-1.70.1-main.sock
# environment
TERM = xterm-256color
# environment
XDG_SESSION_ID = 2
# environment
XCURSOR_SIZE = 24
# default
.RECIPEPREFIX := 
# automatic
<F = $(notdir $<)
# default
SUFFIXES := 
# makefile (from 'makefile', line 4)
TARGET = server
# environment
QT_AUTO_SCREEN_SCALE_FACTOR = 0
# environment
VSCODE_CLI = 1
# environment
ELECTRON_NO_ATTACH_CONSOLE = 1
# environment
SHELL_SESSION_ID = 27a7ef48724a4fda9418d068ea933b64
# environment
KDE_SESSION_VERSION = 5
# default
.FEATURES := target-specific order-only second-expansion else-if shortest-stem undefine oneshell nocomment grouped-target extra-prereqs archives jobserver output-sync check-symlink guile load
# makefile (from 'makefile', line 1)
CC = g++
# environment
KDE_FULL_SESSION = true
# variable set hash-table stats:
# Load=113/1024=11%, Rehash=0, Collisions=8/149=5%

# Pattern-specific Variable Values

# No pattern-specific variable values.

# Directories

# . (device 66312, inode 2102965): 11 files, no impossibilities.

# 11 files, no impossibilities in 1 directories.

# Implicit Rules

%.o: %.h %.cpp
#  recipe to execute (from 'makefile', line 11):
	$(CC) $(STD) $(OPT) -c $*.cpp -o $*.o

# 1 implicit rules, 0 (0.0%) terminal.
# Files

server.o: server.cpp
#  Implicit rule search has not been done.
#  Modification time never checked.
#  File has not been updated.
#  recipe to execute (from 'makefile', line 17):
	$(CC) $(STD) $(OPT) -c $(TARGET).cpp -o $(TARGET).o

# Not a target:
base/http.o:
#  Implicit rule search has not been done.
#  Modification time never checked.
#  File has not been updated.

default: server
#  Implicit rule search has not been done.
#  Modification time never checked.
#  File has not been updated.

# Not a target:
base/net.o:
#  Implicit rule search has not been done.
#  Modification time never checked.
#  File has not been updated.

clean:
#  Implicit rule search has not been done.
#  Modification time never checked.
#  File has not been updated.
#  recipe to execute (from 'makefile', line 20):
	rm ./base/*.o
	rm *.o

server: server.o base/net.o base/http.o
#  Implicit rule search has not been done.
#  Modification time never checked.
#  File has not been updated.
#  recipe to execute (from 'makefile', line 14):
	$(CC) $(STD) $(OPT) $(TARGET).o $(OTHERS_TARGET) -o $(TARGET) $(LIB)

# Not a target:
.DEFAULT:
#  Implicit rule search has not been done.
#  Modification time never checked.
#  File has not been updated.

# Not a target:
all:
#  Command line target.
#  Implicit rule search has been done.
#  File does not exist.
#  File has not been updated.

# Not a target:
makefile:
#  Implicit rule search has been done.
 
#  Last modified 2022-08-02 16:35:07.161370752
#  File has been updated.
#  Successfully updated.

# Not a target:
server.cpp:
#  Implicit rule search has not been done.
#  Modification time never checked.
#  File has not been updated.

# files hash-table stats:
# Load=11/1024=1%, Rehash=0, Collisions=0/28=0%
# VPATH Search Paths

# No 'vpath' search paths.

# No general ('VPATH' variable) search path.

# strcache buffers: 1 (0) / strings = 23 / storage = 176 B / avg = 7 B
# current buf: size = 8162 B / used = 176 B / count = 23 / avg = 7 B

# strcache performance: lookups = 36 / hit rate = 36%
# hash-table stats:
# Load=23/8192=0%, Rehash=0, Collisions=0/36=0%
# Finished Make data base on Mon Aug 15 10:01:04 2022

 
